# JRE version: OpenJDK Runtime Environment Temurin-17.0.3+7 (17.0.3+7) (build 17.0.3+7)
# Java VM: OpenJDK 64-Bit Server VM Temurin-17.0.3+7 (17.0.3+7, mixed mode, tiered, compressed class ptrs, z gc, linux-amd64)
GC Precious Log:
 NUMA Support: Disabled
 CPUs: 8 total, 8 available
 Memory: 7864M
 Large Page Support: Disabled
 GC Workers: 2 (dynamic)
 Address Space Type: Contiguous/Unrestricted/Complete
 Address Space Size: 16384M x 3 = 49152M
 Heap Backing File: /memfd:java_heap
 Heap Backing Filesystem: tmpfs (0x1021994)
 Min Capacity: 100M
 Initial Capacity: 100M
 Max Capacity: 1024M
 Medium Page Size: 32M
 Pre-touch: Disabled
 Available space on backing filesystem: N/A
 Uncommit: Enabled
 Uncommit Delay: 300s
 Runtime Workers: 5
Heap:
 ZHeap           used 68M, capacity 100M, max capacity 1024M
 Metaspace       used 44558K, committed 45120K, reserved 1089536K
  class space    used 5892K, committed 6144K, reserved 1048576K
GC Heap History (20 events):
Event: 3124.047 GC heap before
{Heap before GC invocations=66 (full 66):
 ZHeap           used 84M, capacity 100M, max capacity 1024M
 Metaspace       used 44518K, committed 45056K, reserved 1089536K
  class space    used 5888K, committed 6144K, reserved 1048576K
}
Event: 3124.071 GC heap after
{Heap after GC invocations=67 (full 67):
 ZHeap           used 60M, capacity 100M, max capacity 1024M
 Metaspace       used 44518K, committed 45056K, reserved 1089536K
  class space    used 5888K, committed 6144K, reserved 1048576K
}
Event: 3183.448 GC heap before
{Heap before GC invocations=67 (full 67):
 ZHeap           used 90M, capacity 100M, max capacity 1024M
 Metaspace       used 44518K, committed 45056K, reserved 1089536K
  class space    used 5888K, committed 6144K, reserved 1048576K
}
Event: 3183.470 GC heap after
{Heap after GC invocations=68 (full 68):
 ZHeap           used 56M, capacity 100M, max capacity 1024M
 Metaspace       used 44518K, committed 45056K, reserved 1089536K
  class space    used 5888K, committed 6144K, reserved 1048576K
}
Event: 3235.348 GC heap before
{Heap before GC invocations=68 (full 68):
 ZHeap           used 86M, capacity 100M, max capacity 1024M
 Metaspace       used 44518K, committed 45056K, reserved 1089536K
  class space    used 5888K, committed 6144K, reserved 1048576K
}
Event: 3235.369 GC heap after
{Heap after GC invocations=69 (full 69):
 ZHeap           used 62M, capacity 100M, max capacity 1024M
 Metaspace       used 44518K, committed 45056K, reserved 1089536K
  class space    used 5888K, committed 6144K, reserved 1048576K
}
Event: 3293.048 GC heap before
{Heap before GC invocations=69 (full 69):
 ZHeap           used 92M, capacity 100M, max capacity 1024M
 Metaspace       used 44518K, committed 45056K, reserved 1089536K
  class space    used 5888K, committed 6144K, reserved 1048576K
}
Event: 3293.069 GC heap after
{Heap after GC invocations=70 (full 70):
 ZHeap           used 56M, capacity 100M, max capacity 1024M
 Metaspace       used 44518K, committed 45056K, reserved 1089536K
  class space    used 5888K, committed 6144K, reserved 1048576K
}
Event: 3344.048 GC heap before
{Heap before GC invocations=70 (full 70):
 ZHeap           used 86M, capacity 100M, max capacity 1024M
 Metaspace       used 44518K, committed 45056K, reserved 1089536K
  class space    used 5888K, committed 6144K, reserved 1048576K
}
Event: 3344.072 GC heap after
{Heap after GC invocations=71 (full 71):
 ZHeap           used 62M, capacity 100M, max capacity 1024M
 Metaspace       used 44518K, committed 45056K, reserved 1089536K
  class space    used 5888K, committed 6144K, reserved 1048576K
}
Event: 3409.448 GC heap before
{Heap before GC invocations=71 (full 71):
 ZHeap           used 92M, capacity 100M, max capacity 1024M
 Metaspace       used 44518K, committed 45056K, reserved 1089536K
  class space    used 5888K, committed 6144K, reserved 1048576K
}
Event: 3409.471 GC heap after
{Heap after GC invocations=72 (full 72):
 ZHeap           used 60M, capacity 100M, max capacity 1024M
 Metaspace       used 44518K, committed 45056K, reserved 1089536K
  class space    used 5888K, committed 6144K, reserved 1048576K
}
Event: 3466.847 GC heap before
{Heap before GC invocations=72 (full 72):
 ZHeap           used 90M, capacity 100M, max capacity 1024M
 Metaspace       used 44524K, committed 45056K, reserved 1089536K
  class space    used 5888K, committed 6144K, reserved 1048576K
}
Event: 3466.866 GC heap after
{Heap after GC invocations=73 (full 73):
 ZHeap           used 58M, capacity 100M, max capacity 1024M
 Metaspace       used 44524K, committed 45056K, reserved 1089536K
  class space    used 5888K, committed 6144K, reserved 1048576K
}
Event: 3522.048 GC heap before
{Heap before GC invocations=73 (full 73):
 ZHeap           used 88M, capacity 100M, max capacity 1024M
 Metaspace       used 44524K, committed 45056K, reserved 1089536K
  class space    used 5888K, committed 6144K, reserved 1048576K
}
Event: 3522.067 GC heap after
{Heap after GC invocations=74 (full 74):
 ZHeap           used 56M, capacity 100M, max capacity 1024M
 Metaspace       used 44524K, committed 45056K, reserved 1089536K
  class space    used 5888K, committed 6144K, reserved 1048576K
}
Event: 3541.746 GC heap before
{Heap before GC invocations=74 (full 74):
 ZHeap           used 72M, capacity 100M, max capacity 1024M
 Metaspace       used 44524K, committed 45056K, reserved 1089536K
  class space    used 5888K, committed 6144K, reserved 1048576K
}
Event: 3541.765 GC heap after
{Heap after GC invocations=75 (full 75):
 ZHeap           used 56M, capacity 100M, max capacity 1024M
 Metaspace       used 44524K, committed 45056K, reserved 1089536K
  class space    used 5888K, committed 6144K, reserved 1048576K
}
Event: 3591.447 GC heap before
{Heap before GC invocations=75 (full 75):
 ZHeap           used 86M, capacity 100M, max capacity 1024M
 Metaspace       used 44524K, committed 45056K, reserved 1089536K
  class space    used 5888K, committed 6144K, reserved 1048576K
}
Event: 3591.473 GC heap after
{Heap after GC invocations=76 (full 76):
 ZHeap           used 58M, capacity 100M, max capacity 1024M
 Metaspace       used 44525K, committed 45056K, reserved 1089536K
  class space    used 5888K, committed 6144K, reserved 1048576K
}

